{"/Users/gcochard/github/unparam/lib/unparam.js":{"path":"/Users/gcochard/github/unparam/lib/unparam.js","s":{"1":1,"2":10,"3":1,"4":4,"5":4,"6":4,"7":4,"8":4,"9":10,"10":10,"11":4,"12":4,"13":4,"14":1,"15":10,"16":10,"17":10,"18":10,"19":10,"20":5,"21":3,"22":2,"23":1,"24":1,"25":4,"26":4,"27":4,"28":0,"29":5,"30":9,"31":2,"32":1,"33":1,"34":1,"35":1,"36":7,"37":1,"38":6,"39":6,"40":6,"41":6,"42":6,"43":6,"44":10,"45":6,"46":6,"47":6,"48":6,"49":6,"50":6,"51":6,"52":6,"53":6,"54":6,"55":6,"56":6,"57":6,"58":6,"59":6,"60":1,"61":1,"62":1,"63":6,"64":6,"65":6,"66":6,"67":10,"68":6,"69":5,"70":10},"b":{"1":[10,2],"2":[10,9],"3":[10,5],"4":[5,5],"5":[3,2],"6":[1,1],"7":[2,7],"8":[1,1],"9":[1,6],"10":[7,5],"11":[6,4],"12":[6,5],"13":[6,5],"14":[1,5],"15":[6,5],"16":[5,1],"17":[6,5]},"f":{"1":10,"2":4,"3":4,"4":10,"5":4,"6":0,"7":6,"8":6,"9":6},"fnMap":{"1":{"name":"(anonymous_1)","line":6,"loc":{"start":{"line":6,"column":17},"end":{"line":6,"column":79}}},"2":{"name":"JsonWriter","line":17,"loc":{"start":{"line":17,"column":4},"end":{"line":17,"column":50}}},"3":{"name":"(anonymous_3)","line":25,"loc":{"start":{"line":25,"column":38},"end":{"line":25,"column":71}}},"4":{"name":"Unparam","line":41,"loc":{"start":{"line":41,"column":4},"end":{"line":41,"column":29}}},"5":{"name":"(anonymous_5)","line":60,"loc":{"start":{"line":60,"column":40},"end":{"line":60,"column":52}}},"6":{"name":"(anonymous_6)","line":62,"loc":{"start":{"line":62,"column":33},"end":{"line":62,"column":43}},"skip":true},"7":{"name":"(anonymous_7)","line":106,"loc":{"start":{"line":106,"column":32},"end":{"line":106,"column":42}}},"8":{"name":"(anonymous_8)","line":110,"loc":{"start":{"line":110,"column":34},"end":{"line":110,"column":51}}},"9":{"name":"(anonymous_9)","line":134,"loc":{"start":{"line":134,"column":21},"end":{"line":134,"column":31}}}},"statementMap":{"1":{"start":{"line":6,"column":0},"end":{"line":141,"column":2}},"2":{"start":{"line":9,"column":4},"end":{"line":9,"column":37}},"3":{"start":{"line":17,"column":4},"end":{"line":23,"column":5}},"4":{"start":{"line":18,"column":8},"end":{"line":18,"column":39}},"5":{"start":{"line":19,"column":8},"end":{"line":19,"column":32}},"6":{"start":{"line":20,"column":8},"end":{"line":20,"column":37}},"7":{"start":{"line":21,"column":8},"end":{"line":21,"column":46}},"8":{"start":{"line":22,"column":8},"end":{"line":22,"column":47}},"9":{"start":{"line":24,"column":4},"end":{"line":24,"column":40}},"10":{"start":{"line":25,"column":4},"end":{"line":31,"column":6}},"11":{"start":{"line":28,"column":8},"end":{"line":28,"column":60}},"12":{"start":{"line":29,"column":8},"end":{"line":29,"column":32}},"13":{"start":{"line":30,"column":8},"end":{"line":30,"column":19}},"14":{"start":{"line":41,"column":4},"end":{"line":101,"column":5}},"15":{"start":{"line":44,"column":8},"end":{"line":44,"column":32}},"16":{"start":{"line":46,"column":8},"end":{"line":46,"column":75}},"17":{"start":{"line":47,"column":8},"end":{"line":47,"column":30}},"18":{"start":{"line":48,"column":8},"end":{"line":48,"column":80}},"19":{"start":{"line":49,"column":8},"end":{"line":80,"column":9}},"20":{"start":{"line":51,"column":12},"end":{"line":58,"column":13}},"21":{"start":{"line":52,"column":16},"end":{"line":52,"column":99}},"22":{"start":{"line":53,"column":19},"end":{"line":58,"column":13}},"23":{"start":{"line":54,"column":16},"end":{"line":54,"column":53}},"24":{"start":{"line":57,"column":16},"end":{"line":57,"column":28}},"25":{"start":{"line":59,"column":12},"end":{"line":59,"column":60}},"26":{"start":{"line":60,"column":12},"end":{"line":77,"column":15}},"27":{"start":{"line":62,"column":16},"end":{"line":76,"column":19},"skip":true},"28":{"start":{"line":74,"column":20},"end":{"line":74,"column":45},"skip":true},"29":{"start":{"line":79,"column":12},"end":{"line":79,"column":39}},"30":{"start":{"line":81,"column":8},"end":{"line":89,"column":9}},"31":{"start":{"line":82,"column":12},"end":{"line":84,"column":13}},"32":{"start":{"line":83,"column":16},"end":{"line":83,"column":30}},"33":{"start":{"line":86,"column":12},"end":{"line":86,"column":103}},"34":{"start":{"line":87,"column":12},"end":{"line":87,"column":39}},"35":{"start":{"line":88,"column":12},"end":{"line":88,"column":24}},"36":{"start":{"line":90,"column":8},"end":{"line":93,"column":9}},"37":{"start":{"line":92,"column":12},"end":{"line":92,"column":24}},"38":{"start":{"line":94,"column":8},"end":{"line":94,"column":73}},"39":{"start":{"line":95,"column":8},"end":{"line":95,"column":35}},"40":{"start":{"line":96,"column":8},"end":{"line":96,"column":43}},"41":{"start":{"line":97,"column":8},"end":{"line":97,"column":62}},"42":{"start":{"line":99,"column":8},"end":{"line":99,"column":58}},"43":{"start":{"line":100,"column":8},"end":{"line":100,"column":39}},"44":{"start":{"line":106,"column":4},"end":{"line":133,"column":6}},"45":{"start":{"line":107,"column":8},"end":{"line":107,"column":16}},"46":{"start":{"line":108,"column":8},"end":{"line":108,"column":41}},"47":{"start":{"line":109,"column":8},"end":{"line":109,"column":43}},"48":{"start":{"line":110,"column":8},"end":{"line":110,"column":69}},"49":{"start":{"line":110,"column":53},"end":{"line":110,"column":66}},"50":{"start":{"line":111,"column":8},"end":{"line":130,"column":9}},"51":{"start":{"line":112,"column":12},"end":{"line":112,"column":30}},"52":{"start":{"line":114,"column":12},"end":{"line":114,"column":32}},"53":{"start":{"line":115,"column":12},"end":{"line":115,"column":50}},"54":{"start":{"line":116,"column":12},"end":{"line":116,"column":47}},"55":{"start":{"line":117,"column":12},"end":{"line":117,"column":46}},"56":{"start":{"line":118,"column":12},"end":{"line":118,"column":48}},"57":{"start":{"line":119,"column":12},"end":{"line":119,"column":26}},"58":{"start":{"line":120,"column":12},"end":{"line":120,"column":71}},"59":{"start":{"line":121,"column":12},"end":{"line":127,"column":13}},"60":{"start":{"line":123,"column":16},"end":{"line":123,"column":67}},"61":{"start":{"line":125,"column":16},"end":{"line":125,"column":74}},"62":{"start":{"line":126,"column":16},"end":{"line":126,"column":32}},"63":{"start":{"line":128,"column":12},"end":{"line":128,"column":52}},"64":{"start":{"line":129,"column":12},"end":{"line":129,"column":38}},"65":{"start":{"line":131,"column":8},"end":{"line":131,"column":39}},"66":{"start":{"line":132,"column":8},"end":{"line":132,"column":36}},"67":{"start":{"line":134,"column":4},"end":{"line":139,"column":7}},"68":{"start":{"line":136,"column":8},"end":{"line":138,"column":9}},"69":{"start":{"line":137,"column":12},"end":{"line":137,"column":28}},"70":{"start":{"line":140,"column":4},"end":{"line":140,"column":19}}},"branchMap":{"1":{"line":44,"type":"binary-expr","locations":[{"start":{"line":44,"column":18},"end":{"line":44,"column":25}},{"start":{"line":44,"column":29},"end":{"line":44,"column":31}}]},"2":{"line":46,"type":"binary-expr","locations":[{"start":{"line":46,"column":26},"end":{"line":46,"column":43}},{"start":{"line":46,"column":47},"end":{"line":46,"column":74}}]},"3":{"line":48,"type":"binary-expr","locations":[{"start":{"line":48,"column":31},"end":{"line":48,"column":48}},{"start":{"line":48,"column":52},"end":{"line":48,"column":79}}]},"4":{"line":49,"type":"if","locations":[{"start":{"line":49,"column":8},"end":{"line":49,"column":8}},{"start":{"line":49,"column":8},"end":{"line":49,"column":8}}]},"5":{"line":51,"type":"if","locations":[{"start":{"line":51,"column":12},"end":{"line":51,"column":12}},{"start":{"line":51,"column":12},"end":{"line":51,"column":12}}]},"6":{"line":53,"type":"if","locations":[{"start":{"line":53,"column":19},"end":{"line":53,"column":19}},{"start":{"line":53,"column":19},"end":{"line":53,"column":19}}]},"7":{"line":81,"type":"if","locations":[{"start":{"line":81,"column":8},"end":{"line":81,"column":8}},{"start":{"line":81,"column":8},"end":{"line":81,"column":8}}]},"8":{"line":82,"type":"if","locations":[{"start":{"line":82,"column":12},"end":{"line":82,"column":12}},{"start":{"line":82,"column":12},"end":{"line":82,"column":12}}]},"9":{"line":90,"type":"if","locations":[{"start":{"line":90,"column":8},"end":{"line":90,"column":8}},{"start":{"line":90,"column":8},"end":{"line":90,"column":8}}]},"10":{"line":90,"type":"binary-expr","locations":[{"start":{"line":90,"column":11},"end":{"line":90,"column":34}},{"start":{"line":90,"column":38},"end":{"line":90,"column":52}}]},"11":{"line":94,"type":"binary-expr","locations":[{"start":{"line":94,"column":33},"end":{"line":94,"column":55}},{"start":{"line":94,"column":59},"end":{"line":94,"column":72}}]},"12":{"line":97,"type":"binary-expr","locations":[{"start":{"line":97,"column":27},"end":{"line":97,"column":46}},{"start":{"line":97,"column":50},"end":{"line":97,"column":61}}]},"13":{"line":99,"type":"binary-expr","locations":[{"start":{"line":99,"column":30},"end":{"line":99,"column":52}},{"start":{"line":99,"column":56},"end":{"line":99,"column":57}}]},"14":{"line":121,"type":"if","locations":[{"start":{"line":121,"column":12},"end":{"line":121,"column":12}},{"start":{"line":121,"column":12},"end":{"line":121,"column":12}}]},"15":{"line":128,"type":"binary-expr","locations":[{"start":{"line":128,"column":30},"end":{"line":128,"column":45}},{"start":{"line":128,"column":49},"end":{"line":128,"column":51}}]},"16":{"line":136,"type":"if","locations":[{"start":{"line":136,"column":8},"end":{"line":136,"column":8}},{"start":{"line":136,"column":8},"end":{"line":136,"column":8},"skip":true}]},"17":{"line":136,"type":"binary-expr","locations":[{"start":{"line":136,"column":11},"end":{"line":136,"column":33}},{"start":{"line":136,"column":37},"end":{"line":136,"column":65}}]}}}}