TN:
SF:/Users/gcochard/unparam/lib/unparam.js
FN:6,(anonymous_1)
FN:17,JsonWriter
FN:25,(anonymous_3)
FN:41,Unparam
FN:60,(anonymous_5)
FN:61,(anonymous_6)
FN:105,(anonymous_7)
FN:109,(anonymous_8)
FN:133,(anonymous_9)
FNF:9
FNH:8
FNDA:10,(anonymous_1)
FNDA:4,JsonWriter
FNDA:4,(anonymous_3)
FNDA:10,Unparam
FNDA:4,(anonymous_5)
FNDA:0,(anonymous_6)
FNDA:6,(anonymous_7)
FNDA:6,(anonymous_8)
FNDA:6,(anonymous_9)
DA:6,1
DA:9,10
DA:17,1
DA:18,4
DA:19,4
DA:20,4
DA:21,4
DA:22,4
DA:24,10
DA:25,10
DA:28,4
DA:29,4
DA:30,4
DA:41,1
DA:44,10
DA:46,10
DA:47,10
DA:48,10
DA:49,10
DA:51,5
DA:52,3
DA:53,2
DA:54,1
DA:57,1
DA:59,4
DA:60,4
DA:61,4
DA:73,0
DA:78,5
DA:80,9
DA:81,2
DA:82,1
DA:85,1
DA:86,1
DA:87,1
DA:89,7
DA:91,1
DA:93,6
DA:94,6
DA:95,6
DA:96,6
DA:98,6
DA:99,6
DA:105,10
DA:106,6
DA:107,6
DA:108,6
DA:109,6
DA:110,6
DA:111,6
DA:113,6
DA:114,6
DA:115,6
DA:116,6
DA:117,6
DA:118,6
DA:119,6
DA:120,6
DA:122,1
DA:124,1
DA:125,1
DA:127,6
DA:128,6
DA:130,6
DA:131,6
DA:133,10
DA:135,6
DA:136,5
DA:139,10
LF:69
LH:68
BRDA:44,1,0,10
BRDA:44,1,1,2
BRDA:46,2,0,10
BRDA:46,2,1,9
BRDA:48,3,0,10
BRDA:48,3,1,5
BRDA:49,4,0,5
BRDA:49,4,1,5
BRDA:51,5,0,3
BRDA:51,5,1,2
BRDA:53,6,0,1
BRDA:53,6,1,1
BRDA:80,7,0,2
BRDA:80,7,1,7
BRDA:81,8,0,1
BRDA:81,8,1,1
BRDA:89,9,0,1
BRDA:89,9,1,6
BRDA:89,10,0,7
BRDA:89,10,1,5
BRDA:93,11,0,6
BRDA:93,11,1,4
BRDA:96,12,0,6
BRDA:96,12,1,5
BRDA:98,13,0,6
BRDA:98,13,1,5
BRDA:120,14,0,1
BRDA:120,14,1,5
BRDA:127,15,0,6
BRDA:127,15,1,5
BRDA:135,16,0,5
BRDA:135,16,1,1
BRDA:135,17,0,6
BRDA:135,17,1,5
BRF:34
BRH:34
end_of_record
