TN:
SF:/Users/gcochard/github/unparam/lib/unparam.js
FN:6,(anonymous_1)
FN:17,JsonWriter
FN:25,(anonymous_3)
FN:41,Unparam
FN:60,(anonymous_5)
FN:62,(anonymous_6)
FN:106,(anonymous_7)
FN:110,(anonymous_8)
FN:134,(anonymous_9)
FNF:9
FNH:9
FNDA:10,(anonymous_1)
FNDA:4,JsonWriter
FNDA:4,(anonymous_3)
FNDA:10,Unparam
FNDA:4,(anonymous_5)
FNDA:0,(anonymous_6)
FNDA:6,(anonymous_7)
FNDA:6,(anonymous_8)
FNDA:6,(anonymous_9)
DA:6,1
DA:9,10
DA:17,1
DA:18,4
DA:19,4
DA:20,4
DA:21,4
DA:22,4
DA:24,10
DA:25,10
DA:28,4
DA:29,4
DA:30,4
DA:41,1
DA:44,10
DA:46,10
DA:47,10
DA:48,10
DA:49,10
DA:51,5
DA:52,3
DA:53,2
DA:54,1
DA:57,1
DA:59,4
DA:60,4
DA:62,4
DA:74,1
DA:79,5
DA:81,9
DA:82,2
DA:83,1
DA:86,1
DA:87,1
DA:88,1
DA:90,7
DA:92,1
DA:94,6
DA:95,6
DA:96,6
DA:97,6
DA:99,6
DA:100,6
DA:106,10
DA:107,6
DA:108,6
DA:109,6
DA:110,6
DA:111,6
DA:112,6
DA:114,6
DA:115,6
DA:116,6
DA:117,6
DA:118,6
DA:119,6
DA:120,6
DA:121,6
DA:123,1
DA:125,1
DA:126,1
DA:128,6
DA:129,6
DA:131,6
DA:132,6
DA:134,10
DA:136,6
DA:137,5
DA:140,10
LF:69
LH:69
BRDA:44,1,0,10
BRDA:44,1,1,2
BRDA:46,2,0,10
BRDA:46,2,1,9
BRDA:48,3,0,10
BRDA:48,3,1,5
BRDA:49,4,0,5
BRDA:49,4,1,5
BRDA:51,5,0,3
BRDA:51,5,1,2
BRDA:53,6,0,1
BRDA:53,6,1,1
BRDA:81,7,0,2
BRDA:81,7,1,7
BRDA:82,8,0,1
BRDA:82,8,1,1
BRDA:90,9,0,1
BRDA:90,9,1,6
BRDA:90,10,0,7
BRDA:90,10,1,5
BRDA:94,11,0,6
BRDA:94,11,1,4
BRDA:97,12,0,6
BRDA:97,12,1,5
BRDA:99,13,0,6
BRDA:99,13,1,5
BRDA:121,14,0,1
BRDA:121,14,1,5
BRDA:128,15,0,6
BRDA:128,15,1,5
BRDA:136,16,0,5
BRDA:136,16,1,1
BRDA:136,17,0,6
BRDA:136,17,1,5
BRF:34
BRH:34
end_of_record
